# JRE version: OpenJDK Runtime Environment (11.0.10) (build 11.0.10+0-b96-7249189)
# Java VM: OpenJDK 64-Bit Server VM (11.0.10+0-b96-7249189, mixed mode, tiered, compressed oops, g1 gc, windows-amd64)
Heap:
 garbage-first heap   total 312320K, used 21078K [0x0000000702600000, 0x0000000800000000)
  region size 1024K, 2 young (2048K), 2 survivors (2048K)
 Metaspace       used 35358K, capacity 35807K, committed 35920K, reserved 1081344K
  class space    used 4379K, capacity 4570K, committed 4608K, reserved 1048576K
GC Heap History (9 events):
Event: 0.710 GC heap before
{Heap before GC invocations=0 (full 0):
 garbage-first heap   total 260096K, used 27648K [0x0000000702600000, 0x0000000800000000)
  region size 1024K, 24 young (24576K), 0 survivors (0K)
 Metaspace       used 12332K, capacity 12504K, committed 12800K, reserved 1060864K
  class space    used 1160K, capacity 1207K, committed 1280K, reserved 1048576K
}
Event: 0.716 GC heap after
{Heap after GC invocations=1 (full 0):
 garbage-first heap   total 260096K, used 5803K [0x0000000702600000, 0x0000000800000000)
  region size 1024K, 3 young (3072K), 3 survivors (3072K)
 Metaspace       used 12332K, capacity 12504K, committed 12800K, reserved 1060864K
  class space    used 1160K, capacity 1207K, committed 1280K, reserved 1048576K
}
Event: 1.852 GC heap before
{Heap before GC invocations=1 (full 0):
 garbage-first heap   total 260096K, used 40619K [0x0000000702600000, 0x0000000800000000)
  region size 1024K, 38 young (38912K), 3 survivors (3072K)
 Metaspace       used 20878K, capacity 21087K, committed 21296K, reserved 1069056K
  class space    used 2219K, capacity 2312K, committed 2432K, reserved 1048576K
}
Event: 1.868 GC heap after
{Heap after GC invocations=2 (full 0):
 garbage-first heap   total 260096K, used 9125K [0x0000000702600000, 0x0000000800000000)
  region size 1024K, 6 young (6144K), 6 survivors (6144K)
 Metaspace       used 20878K, capacity 21087K, committed 21296K, reserved 1069056K
  class space    used 2219K, capacity 2312K, committed 2432K, reserved 1048576K
}
Event: 3.600 GC heap before
{Heap before GC invocations=3 (full 0):
 garbage-first heap   total 260096K, used 63397K [0x0000000702600000, 0x0000000800000000)
  region size 1024K, 54 young (55296K), 6 survivors (6144K)
 Metaspace       used 33305K, capacity 33716K, committed 33968K, reserved 1079296K
  class space    used 4158K, capacity 4342K, committed 4352K, reserved 1048576K
}
Event: 3.616 GC heap after
{Heap after GC invocations=4 (full 0):
 garbage-first heap   total 260096K, used 19706K [0x0000000702600000, 0x0000000800000000)
  region size 1024K, 7 young (7168K), 7 survivors (7168K)
 Metaspace       used 33305K, capacity 33716K, committed 33968K, reserved 1079296K
  class space    used 4158K, capacity 4342K, committed 4352K, reserved 1048576K
}
Event: 3.748 GC heap before
{Heap before GC invocations=4 (full 0):
 garbage-first heap   total 260096K, used 24826K [0x0000000702600000, 0x0000000800000000)
  region size 1024K, 12 young (12288K), 7 survivors (7168K)
 Metaspace       used 34197K, capacity 34644K, committed 34864K, reserved 1079296K
  class space    used 4249K, capacity 4438K, committed 4480K, reserved 1048576K
}
Event: 3.758 GC heap after
{Heap after GC invocations=5 (full 0):
 garbage-first heap   total 260096K, used 21489K [0x0000000702600000, 0x0000000800000000)
  region size 1024K, 2 young (2048K), 2 survivors (2048K)
 Metaspace       used 34197K, capacity 34644K, committed 34864K, reserved 1079296K
  class space    used 4249K, capacity 4438K, committed 4480K, reserved 1048576K
}
Event: 3.929 GC heap before
{Heap before GC invocations=5 (full 0):
 garbage-first heap   total 260096K, used 26609K [0x0000000702600000, 0x0000000800000000)
  region size 1024K, 8 young (8192K), 2 survivors (2048K)
 Metaspace       used 35358K, capacity 35807K, committed 35920K, reserved 1081344K
  class space    used 4379K, capacity 4570K, committed 4608K, reserved 1048576K
}

